#
# A fatal error has been detected by the Java Runtime Environment:
#
#  SIGBUS (0xa) at pc=0x0000000101bf6eb9, pid=1216, tid=14867
#
# JRE version: Java(TM) SE Runtime Environment (8.0_60-b27) (build 1.8.0_60-b27)
# Java VM: Java HotSpot(TM) 64-Bit Server VM (25.60-b23 mixed mode bsd-amd64 compressed oops)
# Problematic frame:
# C  [libzip.dylib+0x2eb9]  newEntry+0x154
#
# Failed to write core dump. Core dumps have been disabled. To enable core dumping, try "ulimit -c unlimited" before starting Java again
#
# If you would like to submit a bug report, please visit:
#   http://bugreport.java.com/bugreport/crash.jsp
# The crash happened outside the Java Virtual Machine in native code.
# See problematic frame for where to report the bug.
#

---------------  T H R E A D  ---------------

Current thread (0x00007fa602f76800):  JavaThread "Daemon worker Thread 5" [_thread_in_native, id=14867, stack(0x0000700009f0c000,0x000070000a00c000)]

siginfo: si_signo: 10 (SIGBUS), si_code: 2 (BUS_ADRERR), si_addr: 0x000000010931dc6c

Registers:
RAX=0x00007fa6043cfa70, RBX=0x000000010931dc60, RCX=0x0000000000000001, RDX=0x0000000000000100
RSP=0x000070000a0087e0, RBP=0x000070000a008840, RSI=0x0000000000000004, RDI=0x0000000000000170
R8 =0x0000000000000048, R9 =0x00007fa6047171d0, R10=0x00000000fffffffc, R11=0x0000000000000005
R12=0x00007fa6043d0020, R13=0x0000000000000010, R14=0x000000005bbd78a2, R15=0x00007fa60469a800
RIP=0x0000000101bf6eb9, EFLAGS=0x0000000000010206, ERR=0x0000000000000004
  TRAPNO=0x000000000000000e

Top of Stack: (sp=0x000070000a0087e0)
0x000070000a0087e0:   000070000a0087c9 0000000000000001
0x000070000a0087f0:   00007fa60472b300 000070000000000c
0x000070000a008800:   000070000a008820 00007fa6043cfa70
0x000070000a008810:   00007fa6047171d0 00007fa6043cfa70
0x000070000a008820:   00007fa6043d0020 0000000000000010
0x000070000a008830:   000000005bbd78a2 00007fa60469a800
0x000070000a008840:   000070000a0088a0 0000000101bf7554
0x000070000a008850:   000070000a0088d3 000070000a0088d2
0x000070000a008860:   0000001300000000 0000001401f76800
0x000070000a008870:   000070000a0088be 000070000a008d08
0x000070000a008880:   0000000000000014 000070000a0088be
0x000070000a008890:   00007fa6043cfa70 00007fa602f769f8
0x000070000a0088a0:   000070000a008cf0 0000000101bf634f
0x000070000a0088b0:   000070000a008978 454d700000000001
0x000070000a0088c0:   4d2f464e492d4154 2e54534546494e41
0x000070000a0088d0:   00007fa60200464d 000070000a008d10
0x000070000a0088e0:   000070000a008a90 00000001026eabb4
0x000070000a0088f0:   0000000100000002 00007fa602f76800
0x000070000a008900:   000070000a008940 000070000a008d18
0x000070000a008910:   00007fa601ed3448 000000010aed3c20
0x000070000a008920:   010000011a1ef2b0 000070000a008ac0
0x000070000a008930:   000070000a008d10 00007fa602f76800
0x000070000a008940:   00007fa602f76800 00007fa601d574b0
0x000070000a008950:   00007fa601ed3420 00007fa601ed3450
0x000070000a008960:   00007fa601ed3508 00000000000000d8
0x000070000a008970:   000070000a009210 00007fa602f76800
0x000070000a008980:   00007fa6042cd7e0 0000000105ced3d8
0x000070000a008990:   00000007b1b78c88 000070000a008ea0
0x000070000a0089a0:   000000010aff118c 0000000000000000
0x000070000a0089b0:   000070000a008d10 00007fa602f76800
0x000070000a0089c0:   324e3074e3730072 0000000105ced3d8
0x000070000a0089d0:   00007fa602f76800 000000011a1ef2b0 

Instructions: (pc=0x0000000101bf6eb9)
0x0000000101bf6e99:   49 8b 7f 38 e8 50 1b 00 00 4d 89 77 38 49 89 5f
0x0000000101bf6ea9:   40 4c 89 f0 48 85 c0 0f 84 11 05 00 00 48 89 c3
0x0000000101bf6eb9:   0f b6 43 0c 0f b6 4b 0d 48 c1 e1 08 48 01 c1 0f
0x0000000101bf6ec9:   b6 43 0e 0f b6 53 0f 48 c1 e2 08 48 01 c2 48 c1 

Register to memory mapping:

RAX=0x00007fa6043cfa70 is an unknown value
RBX=0x000000010931dc60 is an unknown value
RCX=0x0000000000000001 is an unknown value
RDX=0x0000000000000100 is an unknown value
RSP=0x000070000a0087e0 is pointing into the stack for thread: 0x00007fa602f76800
RBP=0x000070000a008840 is pointing into the stack for thread: 0x00007fa602f76800
RSI=0x0000000000000004 is an unknown value
RDI=0x0000000000000170 is an unknown value
R8 =0x0000000000000048 is an unknown value
R9 =0x00007fa6047171d0 is an unknown value
R10=0x00000000fffffffc is an unknown value
R11=0x0000000000000005 is an unknown value
R12=0x00007fa6043d0020 is an unknown value
R13=0x0000000000000010 is an unknown value
R14=0x000000005bbd78a2 is an unknown value
R15=0x00007fa60469a800 is an unknown value


Stack: [0x0000700009f0c000,0x000070000a00c000],  sp=0x000070000a0087e0,  free space=1009k
Native frames: (J=compiled Java code, j=interpreted, Vv=VM code, C=native code)
C  [libzip.dylib+0x2eb9]  newEntry+0x154
C  [libzip.dylib+0x3554]  ZIP_GetEntry2+0xd4
C  [libzip.dylib+0x234f]  Java_java_util_zip_ZipFile_getEntry+0xcf
J 181  java.util.zip.ZipFile.getEntry(J[BZ)J (0 bytes) @ 0x000000010aff0bce [0x000000010aff0b00+0xce]
J 5886 C2 java.util.zip.ZipFile.getEntry(Ljava/lang/String;)Ljava/util/zip/ZipEntry; (86 bytes) @ 0x000000010becea4c [0x000000010bece700+0x34c]
J 546 C2 java.util.jar.JarFile.getEntry(Ljava/lang/String;)Ljava/util/zip/ZipEntry; (22 bytes) @ 0x000000010b0f17b4 [0x000000010b0f1780+0x34]
J 2766 C1 java.util.jar.JarFile.getManEntry()Ljava/util/jar/JarEntry; (83 bytes) @ 0x000000010b78ef5c [0x000000010b78ed40+0x21c]
j  java.util.jar.JarFile.checkForSpecialAttributes()V+16
J 8665 C1 sun.misc.URLClassPath$JarLoader.getClassPath()[Ljava/net/URL; (86 bytes) @ 0x000000010c590f2c [0x000000010c590d80+0x1ac]
J 2894 C2 sun.misc.URLClassPath.getLoader(I)Lsun/misc/URLClassPath$Loader; (197 bytes) @ 0x000000010b836e54 [0x000000010b836540+0x914]
J 2895 C2 sun.misc.URLClassPath.getNextLoader([II)Lsun/misc/URLClassPath$Loader; (88 bytes) @ 0x000000010b832ec8 [0x000000010b832e20+0xa8]
J 1872 C2 java.net.URLClassLoader$1.run()Ljava/lang/Object; (5 bytes) @ 0x000000010b6c556c [0x000000010b6c5000+0x56c]
v  ~StubRoutines::call_stub
V  [libjvm.dylib+0x2eab0e]
V  [libjvm.dylib+0x34afd8]
J 272  java.security.AccessController.doPrivileged(Ljava/security/PrivilegedExceptionAction;Ljava/security/AccessControlContext;)Ljava/lang/Object; (0 bytes) @ 0x000000010b025a15 [0x000000010b025940+0xd5]
J 1171 C2 java.net.URLClassLoader.findClass(Ljava/lang/String;)Ljava/lang/Class; (47 bytes) @ 0x000000010b27f27c [0x000000010b27f1e0+0x9c]
J 1042 C2 java.lang.ClassLoader.loadClass(Ljava/lang/String;Z)Ljava/lang/Class; (122 bytes) @ 0x000000010b231b10 [0x000000010b231700+0x410]
J 4953 C2 java.lang.ClassLoader.loadClass(Ljava/lang/String;)Ljava/lang/Class; (7 bytes) @ 0x000000010bbec720 [0x000000010bbec6e0+0x40]
j  java_lang_ClassLoader$loadClass.call(Ljava/lang/Object;[Ljava/lang/Object;)Ljava/lang/Object;+19
J 4006 C1 org.codehaus.groovy.runtime.callsite.CallSiteArray.defaultCall(Lorg/codehaus/groovy/runtime/callsite/CallSite;Ljava/lang/Object;[Ljava/lang/Object;)Ljava/lang/Object; (14 bytes) @ 0x000000010bb1a374 [0x000000010bb1a300+0x74]
j  org.codehaus.groovy.runtime.callsite.AbstractCallSite.call(Ljava/lang/Object;[Ljava/lang/Object;)Ljava/lang/Object;+3
J 9241 C1 org.codehaus.groovy.runtime.callsite.AbstractCallSite.call(Ljava/lang/Object;Ljava/lang/Object;)Ljava/lang/Object; (37 bytes) @ 0x000000010c5772d4 [0x000000010c576ec0+0x414]
j  ijinit1_boqmzqra9fa365fkc0zwmqa7k.run()Ljava/lang/Object;+118
j  org.gradle.groovy.scripts.internal.DefaultScriptRunnerFactory$ScriptRunnerImpl.run(Ljava/lang/Object;Lorg/gradle/internal/service/ServiceRegistry;)V+60
j  org.gradle.configuration.DefaultScriptPluginFactory$ScriptPluginImpl$1.run()V+12
j  org.gradle.configuration.DefaultScriptTarget.addConfiguration(Ljava/lang/Runnable;Z)V+1
j  org.gradle.configuration.DefaultScriptPluginFactory$ScriptPluginImpl.apply(Ljava/lang/Object;)V+512
j  org.gradle.configuration.DefaultInitScriptProcessor.process(Lorg/gradle/groovy/scripts/ScriptSource;Lorg/gradle/api/internal/GradleInternal;)V+113
j  org.gradle.initialization.InitScriptHandler$1.run()V+50
J 9200 C1 org.gradle.internal.Factories$1.create()Ljava/lang/Object; (11 bytes) @ 0x000000010bc549cc [0x000000010bc548c0+0x10c]
j  org.gradle.internal.progress.DefaultBuildOperationExecutor.run(Lorg/gradle/internal/progress/BuildOperationDetails;Lorg/gradle/internal/Factory;)Ljava/lang/Object;+171
j  org.gradle.internal.progress.DefaultBuildOperationExecutor.run(Lorg/gradle/internal/progress/BuildOperationDetails;Ljava/lang/Runnable;)V+6
j  org.gradle.initialization.InitScriptHandler.executeScripts(Lorg/gradle/api/internal/GradleInternal;)V+49
j  org.gradle.initialization.DefaultGradleLauncher.doBuildStages(Lorg/gradle/initialization/DefaultGradleLauncher$Stage;)V+8
j  org.gradle.initialization.DefaultGradleLauncher.access$200(Lorg/gradle/initialization/DefaultGradleLauncher;Lorg/gradle/initialization/DefaultGradleLauncher$Stage;)V+2
j  org.gradle.initialization.DefaultGradleLauncher$1.create()Lorg/gradle/BuildResult;+29
j  org.gradle.initialization.DefaultGradleLauncher$1.create()Ljava/lang/Object;+1
j  org.gradle.internal.progress.DefaultBuildOperationExecutor.run(Lorg/gradle/internal/progress/BuildOperationDetails;Lorg/gradle/internal/Factory;)Ljava/lang/Object;+171
j  org.gradle.internal.progress.DefaultBuildOperationExecutor.run(Ljava/lang/String;Lorg/gradle/internal/Factory;)Ljava/lang/Object;+9
j  org.gradle.initialization.DefaultGradleLauncher.doBuild(Lorg/gradle/initialization/DefaultGradleLauncher$Stage;)Lorg/gradle/BuildResult;+25
j  org.gradle.initialization.DefaultGradleLauncher.getBuildAnalysis()Lorg/gradle/BuildResult;+4
j  org.gradle.launcher.exec.InProcessBuildActionExecuter$DefaultBuildController.configure()Lorg/gradle/api/internal/GradleInternal;+4
j  org.gradle.tooling.internal.provider.runner.ClientProvidedBuildActionRunner.run(Lorg/gradle/internal/invocation/BuildAction;Lorg/gradle/internal/invocation/BuildController;)V+56
j  org.gradle.launcher.exec.ChainingBuildActionRunner.run(Lorg/gradle/internal/invocation/BuildAction;Lorg/gradle/internal/invocation/BuildController;)V+34
j  org.gradle.tooling.internal.provider.runner.SubscribableBuildActionRunner.run(Lorg/gradle/internal/invocation/BuildAction;Lorg/gradle/internal/invocation/BuildController;)V+37
j  org.gradle.launcher.exec.ChainingBuildActionRunner.run(Lorg/gradle/internal/invocation/BuildAction;Lorg/gradle/internal/invocation/BuildController;)V+34
j  org.gradle.launcher.exec.InProcessBuildActionExecuter.execute(Lorg/gradle/internal/invocation/BuildAction;Lorg/gradle/initialization/BuildRequestContext;Lorg/gradle/launcher/exec/BuildActionParameters;Lorg/gradle/internal/service/ServiceRegistry;)Ljava/lang/Object;+63
j  org.gradle.launcher.exec.InProcessBuildActionExecuter.execute(Lorg/gradle/internal/invocation/BuildAction;Lorg/gradle/initialization/BuildRequestContext;Ljava/lang/Object;Lorg/gradle/internal/service/ServiceRegistry;)Ljava/lang/Object;+9
j  org.gradle.launcher.exec.ContinuousBuildActionExecuter.execute(Lorg/gradle/internal/invocation/BuildAction;Lorg/gradle/initialization/BuildRequestContext;Lorg/gradle/launcher/exec/BuildActionParameters;Lorg/gradle/internal/service/ServiceRegistry;)Ljava/lang/Object;+70
j  org.gradle.launcher.exec.ContinuousBuildActionExecuter.execute(Lorg/gradle/internal/invocation/BuildAction;Lorg/gradle/initialization/BuildRequestContext;Ljava/lang/Object;Lorg/gradle/internal/service/ServiceRegistry;)Ljava/lang/Object;+9
j  org.gradle.launcher.daemon.server.exec.ExecuteBuild.doBuild(Lorg/gradle/launcher/daemon/server/api/DaemonCommandExecution;Lorg/gradle/launcher/daemon/protocol/Build;)V+74
j  org.gradle.launcher.daemon.server.exec.BuildCommandOnly.execute(Lorg/gradle/launcher/daemon/server/api/DaemonCommandExecution;)V+49
j  org.gradle.launcher.daemon.server.api.DaemonCommandExecution.proceed()Z+28
j  org.gradle.launcher.daemon.server.exec.WatchForDisconnection.execute(Lorg/gradle/launcher/daemon/server/api/DaemonCommandExecution;)V+19
j  org.gradle.launcher.daemon.server.api.DaemonCommandExecution.proceed()Z+28
j  org.gradle.launcher.daemon.server.exec.ResetDeprecationLogger.execute(Lorg/gradle/launcher/daemon/server/api/DaemonCommandExecution;)V+4
j  org.gradle.launcher.daemon.server.api.DaemonCommandExecution.proceed()Z+28
j  org.gradle.launcher.daemon.server.exec.RequestStopIfSingleUsedDaemon.execute(Lorg/gradle/launcher/daemon/server/api/DaemonCommandExecution;)V+31
j  org.gradle.launcher.daemon.server.api.DaemonCommandExecution.proceed()Z+28
j  org.gradle.launcher.daemon.server.exec.ForwardClientInput$2.call()Ljava/lang/Void;+4
j  org.gradle.launcher.daemon.server.exec.ForwardClientInput$2.call()Ljava/lang/Object;+1
j  org.gradle.util.Swapper.swap(Ljava/lang/Object;Ljava/util/concurrent/Callable;)Ljava/lang/Object;+21
j  org.gradle.launcher.daemon.server.exec.ForwardClientInput.execute(Lorg/gradle/launcher/daemon/server/api/DaemonCommandExecution;)V+63
j  org.gradle.launcher.daemon.server.api.DaemonCommandExecution.proceed()Z+28
j  org.gradle.launcher.daemon.server.health.DaemonHealthTracker.execute(Lorg/gradle/launcher/daemon/server/api/DaemonCommandExecution;)V+35
j  org.gradle.launcher.daemon.server.api.DaemonCommandExecution.proceed()Z+28
j  org.gradle.launcher.daemon.server.exec.LogToClient.doBuild(Lorg/gradle/launcher/daemon/server/api/DaemonCommandExecution;Lorg/gradle/launcher/daemon/protocol/Build;)V+106
j  org.gradle.launcher.daemon.server.exec.BuildCommandOnly.execute(Lorg/gradle/launcher/daemon/server/api/DaemonCommandExecution;)V+49
j  org.gradle.launcher.daemon.server.api.DaemonCommandExecution.proceed()Z+28
j  org.gradle.launcher.daemon.server.exec.EstablishBuildEnvironment.doBuild(Lorg/gradle/launcher/daemon/server/api/DaemonCommandExecution;Lorg/gradle/launcher/daemon/protocol/Build;)V+243
j  org.gradle.launcher.daemon.server.exec.BuildCommandOnly.execute(Lorg/gradle/launcher/daemon/server/api/DaemonCommandExecution;)V+49
j  org.gradle.launcher.daemon.server.api.DaemonCommandExecution.proceed()Z+28
j  org.gradle.launcher.daemon.server.health.HintGCAfterBuild.execute(Lorg/gradle/launcher/daemon/server/api/DaemonCommandExecution;)V+1
j  org.gradle.launcher.daemon.server.api.DaemonCommandExecution.proceed()Z+28
j  org.gradle.launcher.daemon.server.exec.StartBuildOrRespondWithBusy$1.run()V+44
j  org.gradle.launcher.daemon.server.DaemonStateCoordinator$1.run()V+4
j  org.gradle.internal.concurrent.ExecutorPolicy$CatchAndRecordFailures.onExecute(Ljava/lang/Runnable;)V+1
j  org.gradle.internal.concurrent.StoppableExecutorImpl$1.run()V+25
j  java.util.concurrent.ThreadPoolExecutor.runWorker(Ljava/util/concurrent/ThreadPoolExecutor$Worker;)V+95
j  java.util.concurrent.ThreadPoolExecutor$Worker.run()V+5
j  java.lang.Thread.run()V+11
v  ~StubRoutines::call_stub
V  [libjvm.dylib+0x2eab0e]
V  [libjvm.dylib+0x2eb29c]
V  [libjvm.dylib+0x2eb448]
V  [libjvm.dylib+0x345965]
V  [libjvm.dylib+0x5612d3]
V  [libjvm.dylib+0x5629ce]
V  [libjvm.dylib+0x48343a]
C  [libsystem_pthread.dylib+0x3aab]  _pthread_body+0xb4
C  [libsystem_pthread.dylib+0x39f7]  _pthread_body+0x0
C  [libsystem_pthread.dylib+0x31fd]  thread_start+0xd
C  0x0000000000000000

Java frames: (J=compiled Java code, j=interpreted, Vv=VM code)
J 181  java.util.zip.ZipFile.getEntry(J[BZ)J (0 bytes) @ 0x000000010aff0b58 [0x000000010aff0b00+0x58]
J 5886 C2 java.util.zip.ZipFile.getEntry(Ljava/lang/String;)Ljava/util/zip/ZipEntry; (86 bytes) @ 0x000000010becea4c [0x000000010bece700+0x34c]
J 546 C2 java.util.jar.JarFile.getEntry(Ljava/lang/String;)Ljava/util/zip/ZipEntry; (22 bytes) @ 0x000000010b0f17b4 [0x000000010b0f1780+0x34]
J 2766 C1 java.util.jar.JarFile.getManEntry()Ljava/util/jar/JarEntry; (83 bytes) @ 0x000000010b78ef5c [0x000000010b78ed40+0x21c]
j  java.util.jar.JarFile.checkForSpecialAttributes()V+16
J 8665 C1 sun.misc.URLClassPath$JarLoader.getClassPath()[Ljava/net/URL; (86 bytes) @ 0x000000010c590f2c [0x000000010c590d80+0x1ac]
J 2894 C2 sun.misc.URLClassPath.getLoader(I)Lsun/misc/URLClassPath$Loader; (197 bytes) @ 0x000000010b836e54 [0x000000010b836540+0x914]
J 2895 C2 sun.misc.URLClassPath.getNextLoader([II)Lsun/misc/URLClassPath$Loader; (88 bytes) @ 0x000000010b832ec8 [0x000000010b832e20+0xa8]
J 1872 C2 java.net.URLClassLoader$1.run()Ljava/lang/Object; (5 bytes) @ 0x000000010b6c556c [0x000000010b6c5000+0x56c]
v  ~StubRoutines::call_stub
J 272  java.security.AccessController.doPrivileged(Ljava/security/PrivilegedExceptionAction;Ljava/security/AccessControlContext;)Ljava/lang/Object; (0 bytes) @ 0x000000010b0259a3 [0x000000010b025940+0x63]
J 1171 C2 java.net.URLClassLoader.findClass(Ljava/lang/String;)Ljava/lang/Class; (47 bytes) @ 0x000000010b27f27c [0x000000010b27f1e0+0x9c]
J 1042 C2 java.lang.ClassLoader.loadClass(Ljava/lang/String;Z)Ljava/lang/Class; (122 bytes) @ 0x000000010b231b10 [0x000000010b231700+0x410]
J 4953 C2 java.lang.ClassLoader.loadClass(Ljava/lang/String;)Ljava/lang/Class; (7 bytes) @ 0x000000010bbec720 [0x000000010bbec6e0+0x40]
j  java_lang_ClassLoader$loadClass.call(Ljava/lang/Object;[Ljava/lang/Object;)Ljava/lang/Object;+19
J 4006 C1 org.codehaus.groovy.runtime.callsite.CallSiteArray.defaultCall(Lorg/codehaus/groovy/runtime/callsite/CallSite;Ljava/lang/Object;[Ljava/lang/Object;)Ljava/lang/Object; (14 bytes) @ 0x000000010bb1a374 [0x000000010bb1a300+0x74]
j  org.codehaus.groovy.runtime.callsite.AbstractCallSite.call(Ljava/lang/Object;[Ljava/lang/Object;)Ljava/lang/Object;+3
J 9241 C1 org.codehaus.groovy.runtime.callsite.AbstractCallSite.call(Ljava/lang/Object;Ljava/lang/Object;)Ljava/lang/Object; (37 bytes) @ 0x000000010c5772d4 [0x000000010c576ec0+0x414]
j  ijinit1_boqmzqra9fa365fkc0zwmqa7k.run()Ljava/lang/Object;+118
j  org.gradle.groovy.scripts.internal.DefaultScriptRunnerFactory$ScriptRunnerImpl.run(Ljava/lang/Object;Lorg/gradle/internal/service/ServiceRegistry;)V+60
j  org.gradle.configuration.DefaultScriptPluginFactory$ScriptPluginImpl$1.run()V+12
j  org.gradle.configuration.DefaultScriptTarget.addConfiguration(Ljava/lang/Runnable;Z)V+1
j  org.gradle.configuration.DefaultScriptPluginFactory$ScriptPluginImpl.apply(Ljava/lang/Object;)V+512
j  org.gradle.configuration.DefaultInitScriptProcessor.process(Lorg/gradle/groovy/scripts/ScriptSource;Lorg/gradle/api/internal/GradleInternal;)V+113
j  org.gradle.initialization.InitScriptHandler$1.run()V+50
J 9200 C1 org.gradle.internal.Factories$1.create()Ljava/lang/Object; (11 bytes) @ 0x000000010bc549cc [0x000000010bc548c0+0x10c]
j  org.gradle.internal.progress.DefaultBuildOperationExecutor.run(Lorg/gradle/internal/progress/BuildOperationDetails;Lorg/gradle/internal/Factory;)Ljava/lang/Object;+171
j  org.gradle.internal.progress.DefaultBuildOperationExecutor.run(Lorg/gradle/internal/progress/BuildOperationDetails;Ljava/lang/Runnable;)V+6
j  org.gradle.initialization.InitScriptHandler.executeScripts(Lorg/gradle/api/internal/GradleInternal;)V+49
j  org.gradle.initialization.DefaultGradleLauncher.doBuildStages(Lorg/gradle/initialization/DefaultGradleLauncher$Stage;)V+8
j  org.gradle.initialization.DefaultGradleLauncher.access$200(Lorg/gradle/initialization/DefaultGradleLauncher;Lorg/gradle/initialization/DefaultGradleLauncher$Stage;)V+2
j  org.gradle.initialization.DefaultGradleLauncher$1.create()Lorg/gradle/BuildResult;+29
j  org.gradle.initialization.DefaultGradleLauncher$1.create()Ljava/lang/Object;+1
j  org.gradle.internal.progress.DefaultBuildOperationExecutor.run(Lorg/gradle/internal/progress/BuildOperationDetails;Lorg/gradle/internal/Factory;)Ljava/lang/Object;+171
j  org.gradle.internal.progress.DefaultBuildOperationExecutor.run(Ljava/lang/String;Lorg/gradle/internal/Factory;)Ljava/lang/Object;+9
j  org.gradle.initialization.DefaultGradleLauncher.doBuild(Lorg/gradle/initialization/DefaultGradleLauncher$Stage;)Lorg/gradle/BuildResult;+25
j  org.gradle.initialization.DefaultGradleLauncher.getBuildAnalysis()Lorg/gradle/BuildResult;+4
j  org.gradle.launcher.exec.InProcessBuildActionExecuter$DefaultBuildController.configure()Lorg/gradle/api/internal/GradleInternal;+4
j  org.gradle.tooling.internal.provider.runner.ClientProvidedBuildActionRunner.run(Lorg/gradle/internal/invocation/BuildAction;Lorg/gradle/internal/invocation/BuildController;)V+56
j  org.gradle.launcher.exec.ChainingBuildActionRunner.run(Lorg/gradle/internal/invocation/BuildAction;Lorg/gradle/internal/invocation/BuildController;)V+34
j  org.gradle.tooling.internal.provider.runner.SubscribableBuildActionRunner.run(Lorg/gradle/internal/invocation/BuildAction;Lorg/gradle/internal/invocation/BuildController;)V+37
j  org.gradle.launcher.exec.ChainingBuildActionRunner.run(Lorg/gradle/internal/invocation/BuildAction;Lorg/gradle/internal/invocation/BuildController;)V+34
j  org.gradle.launcher.exec.InProcessBuildActionExecuter.execute(Lorg/gradle/internal/invocation/BuildAction;Lorg/gradle/initialization/BuildRequestContext;Lorg/gradle/launcher/exec/BuildActionParameters;Lorg/gradle/internal/service/ServiceRegistry;)Ljava/lang/Object;+63
j  org.gradle.launcher.exec.InProcessBuildActionExecuter.execute(Lorg/gradle/internal/invocation/BuildAction;Lorg/gradle/initialization/BuildRequestContext;Ljava/lang/Object;Lorg/gradle/internal/service/ServiceRegistry;)Ljava/lang/Object;+9
j  org.gradle.launcher.exec.ContinuousBuildActionExecuter.execute(Lorg/gradle/internal/invocation/BuildAction;Lorg/gradle/initialization/BuildRequestContext;Lorg/gradle/launcher/exec/BuildActionParameters;Lorg/gradle/internal/service/ServiceRegistry;)Ljava/lang/Object;+70
j  org.gradle.launcher.exec.ContinuousBuildActionExecuter.execute(Lorg/gradle/internal/invocation/BuildAction;Lorg/gradle/initialization/BuildRequestContext;Ljava/lang/Object;Lorg/gradle/internal/service/ServiceRegistry;)Ljava/lang/Object;+9
j  org.gradle.launcher.daemon.server.exec.ExecuteBuild.doBuild(Lorg/gradle/launcher/daemon/server/api/DaemonCommandExecution;Lorg/gradle/launcher/daemon/protocol/Build;)V+74
j  org.gradle.launcher.daemon.server.exec.BuildCommandOnly.execute(Lorg/gradle/launcher/daemon/server/api/DaemonCommandExecution;)V+49
j  org.gradle.launcher.daemon.server.api.DaemonCommandExecution.proceed()Z+28
j  org.gradle.launcher.daemon.server.exec.WatchForDisconnection.execute(Lorg/gradle/launcher/daemon/server/api/DaemonCommandExecution;)V+19
j  org.gradle.launcher.daemon.server.api.DaemonCommandExecution.proceed()Z+28
j  org.gradle.launcher.daemon.server.exec.ResetDeprecationLogger.execute(Lorg/gradle/launcher/daemon/server/api/DaemonCommandExecution;)V+4
j  org.gradle.launcher.daemon.server.api.DaemonCommandExecution.proceed()Z+28
j  org.gradle.launcher.daemon.server.exec.RequestStopIfSingleUsedDaemon.execute(Lorg/gradle/launcher/daemon/server/api/DaemonCommandExecution;)V+31
j  org.gradle.launcher.daemon.server.api.DaemonCommandExecution.proceed()Z+28
j  org.gradle.launcher.daemon.server.exec.ForwardClientInput$2.call()Ljava/lang/Void;+4
j  org.gradle.launcher.daemon.server.exec.ForwardClientInput$2.call()Ljava/lang/Object;+1
j  org.gradle.util.Swapper.swap(Ljava/lang/Object;Ljava/util/concurrent/Callable;)Ljava/lang/Object;+21
j  org.gradle.launcher.daemon.server.exec.ForwardClientInput.execute(Lorg/gradle/launcher/daemon/server/api/DaemonCommandExecution;)V+63
j  org.gradle.launcher.daemon.server.api.DaemonCommandExecution.proceed()Z+28
j  org.gradle.launcher.daemon.server.health.DaemonHealthTracker.execute(Lorg/gradle/launcher/daemon/server/api/DaemonCommandExecution;)V+35
j  org.gradle.launcher.daemon.server.api.DaemonCommandExecution.proceed()Z+28
j  org.gradle.launcher.daemon.server.exec.LogToClient.doBuild(Lorg/gradle/launcher/daemon/server/api/DaemonCommandExecution;Lorg/gradle/launcher/daemon/protocol/Build;)V+106
j  org.gradle.launcher.daemon.server.exec.BuildCommandOnly.execute(Lorg/gradle/launcher/daemon/server/api/DaemonCommandExecution;)V+49
j  org.gradle.launcher.daemon.server.api.DaemonCommandExecution.proceed()Z+28
j  org.gradle.launcher.daemon.server.exec.EstablishBuildEnvironment.doBuild(Lorg/gradle/launcher/daemon/server/api/DaemonCommandExecution;Lorg/gradle/launcher/daemon/protocol/Build;)V+243
j  org.gradle.launcher.daemon.server.exec.BuildCommandOnly.execute(Lorg/gradle/launcher/daemon/server/api/DaemonCommandExecution;)V+49
j  org.gradle.launcher.daemon.server.api.DaemonCommandExecution.proceed()Z+28
j  org.gradle.launcher.daemon.server.health.HintGCAfterBuild.execute(Lorg/gradle/launcher/daemon/server/api/DaemonCommandExecution;)V+1
j  org.gradle.launcher.daemon.server.api.DaemonCommandExecution.proceed()Z+28
j  org.gradle.launcher.daemon.server.exec.StartBuildOrRespondWithBusy$1.run()V+44
j  org.gradle.launcher.daemon.server.DaemonStateCoordinator$1.run()V+4
j  org.gradle.internal.concurrent.ExecutorPolicy$CatchAndRecordFailures.onExecute(Ljava/lang/Runnable;)V+1
j  org.gradle.internal.concurrent.StoppableExecutorImpl$1.run()V+25
j  java.util.concurrent.ThreadPoolExecutor.runWorker(Ljava/util/concurrent/ThreadPoolExecutor$Worker;)V+95
j  java.util.concurrent.ThreadPoolExecutor$Worker.run()V+5
j  java.lang.Thread.run()V+11
v  ~StubRoutines::call_stub

---------------  P R O C E S S  ---------------

Java Threads: ( => current thread )
  0x00007fa602e34000 JavaThread "Stdin handler" [_thread_blocked, id=22039, stack(0x000070000a00f000,0x000070000a10f000)]
=>0x00007fa602f76800 JavaThread "Daemon worker Thread 5" [_thread_in_native, id=14867, stack(0x0000700009f0c000,0x000070000a00c000)]
  0x00007fa6060d7800 JavaThread "Cancel handler" [_thread_blocked, id=4631, stack(0x0000700009e09000,0x0000700009f09000)]
  0x00007fa607317800 JavaThread "Handler for socket connection from /127.0.0.1:55347 to /127.0.0.1:51541" [_thread_in_native, id=4367, stack(0x0000700009d06000,0x0000700009e06000)]
  0x00007fa6024e6000 JavaThread "Daemon Thread 5" [_thread_blocked, id=20287, stack(0x0000700008cd3000,0x0000700008dd3000)]
  0x00007fa605a08800 JavaThread "File lock request listener" [_thread_in_native, id=23299, stack(0x000070000a240000,0x000070000a340000)]
  0x00007fa603555000 JavaThread "Incoming local TCP Connector on port 55347" [_thread_in_native, id=19715, stack(0x0000700009c03000,0x0000700009d03000)]
  0x00007fa603800000 JavaThread "Service Thread" daemon [_thread_blocked, id=18691, stack(0x00007000099fd000,0x0000700009afd000)]
  0x00007fa602815800 JavaThread "C1 CompilerThread2" daemon [_thread_blocked, id=18179, stack(0x00007000098fa000,0x00007000099fa000)]
  0x00007fa60280e000 JavaThread "C2 CompilerThread1" daemon [_thread_in_native, id=17667, stack(0x00007000097f7000,0x00007000098f7000)]
  0x00007fa603057800 JavaThread "C2 CompilerThread0" daemon [_thread_in_native, id=17155, stack(0x00007000096f4000,0x00007000097f4000)]
  0x00007fa60306f800 JavaThread "Signal Dispatcher" daemon [_thread_blocked, id=16643, stack(0x00007000095f1000,0x00007000096f1000)]
  0x00007fa60303c000 JavaThread "Finalizer" daemon [_thread_blocked, id=12547, stack(0x00007000094ee000,0x00007000095ee000)]
  0x00007fa60303b000 JavaThread "Reference Handler" daemon [_thread_blocked, id=12035, stack(0x00007000093eb000,0x00007000094eb000)]
  0x00007fa603801800 JavaThread "main" [_thread_blocked, id=7171, stack(0x0000700008dd9000,0x0000700008ed9000)]

Other Threads:
  0x00007fa603038800 VMThread [stack: 0x00007000092e8000,0x00007000093e8000] [id=11523]
  0x00007fa60280a000 WatcherThread [stack: 0x0000700009b00000,0x0000700009c00000] [id=19203]

VM state:not at safepoint (normal execution)

VM Mutex/Monitor currently owned by a thread: None

Heap:
 PSYoungGen      total 278528K, used 116029K [0x00000007aab00000, 0x00000007bcd80000, 0x00000007c0000000)
  eden space 259584K, 44% used [0x00000007aab00000,0x00000007b1c4f748,0x00000007ba880000)
  from space 18944K, 0% used [0x00000007bbb00000,0x00000007bbb00000,0x00000007bcd80000)
  to   space 18944K, 0% used [0x00000007ba880000,0x00000007ba880000,0x00000007bbb00000)
 ParOldGen       total 103936K, used 39035K [0x0000000780000000, 0x0000000786580000, 0x00000007aab00000)
  object space 103936K, 37% used [0x0000000780000000,0x000000078261ec90,0x0000000786580000)
 Metaspace       used 54372K, capacity 56561K, committed 57896K, reserved 1099776K
  class space    used 7213K, capacity 7613K, committed 7976K, reserved 1048576K

Card table byte_map: [0x000000010377e000,0x000000010397f000] byte_map_base: 0x00000000ffb7e000

Marking Bits: (ParMarkBitMap*) 0x0000000102cdee20
 Begin Bits: [0x0000000103ad5000, 0x0000000104ad5000)
 End Bits:   [0x0000000104ad5000, 0x0000000105ad5000)

Polling page: 0x0000000101bea000

CodeCache: size=245760Kb used=30464Kb max_used=30489Kb free=215295Kb
 bounds [0x000000010ae8d000, 0x000000010cc8d000, 0x0000000119e8d000]
 total_blobs=9663 nmethods=8952 adapters=623
 compilation: enabled

Compilation events (10 events):
Event: 12521.802 Thread 0x00007fa602815800 11196       2       java.util.LinkedList::addLast (6 bytes)
Event: 12521.802 Thread 0x00007fa602815800 nmethod 11196 0x000000010b8629d0 code [0x000000010b862b40, 0x000000010b862ca8]
Event: 12521.802 Thread 0x00007fa602815800 11195       1       org.codehaus.groovy.ast.FieldNode::getInitialExpression (5 bytes)
Event: 12521.803 Thread 0x00007fa602815800 nmethod 11195 0x000000010b41cc50 code [0x000000010b41cda0, 0x000000010b41ceb0]
Event: 12521.828 Thread 0x00007fa602815800 11198       2       java.beans.Introspector::addMethod (196 bytes)
Event: 12521.829 Thread 0x00007fa602815800 nmethod 11198 0x000000010b861e50 code [0x000000010b862040, 0x000000010b8625a8]
Event: 12521.830 Thread 0x00007fa602815800 11199       2       java.beans.MethodRef::get (92 bytes)
Event: 12521.832 Thread 0x00007fa602815800 nmethod 11199 0x000000010cbb7050 code [0x000000010cbb7200, 0x000000010cbb76c8]
Event: 12521.848 Thread 0x00007fa603057800 nmethod 11128 0x000000010cc7a290 code [0x000000010cc7a860, 0x000000010cc7ded0]
Event: 12521.848 Thread 0x00007fa603057800 11170       4       org.codehaus.groovy.ast.ClassHelper::make (58 bytes)

GC Heap History (10 events):
Event: 675.658 GC heap before
{Heap before GC invocations=18 (full 4):
 PSYoungGen      total 188416K, used 154222K [0x00000007aab00000, 0x00000007ba000000, 0x00000007c0000000)
  eden space 169472K, 88% used [0x00000007aab00000,0x00000007b3cac550,0x00000007b5080000)
  from space 18944K, 26% used [0x00000007b5080000,0x00000007b556f438,0x00000007b6300000)
  to   space 18432K, 0% used [0x00000007b8e00000,0x00000007b8e00000,0x00000007ba000000)
 ParOldGen       total 103936K, used 35259K [0x0000000780000000, 0x0000000786580000, 0x00000007aab00000)
  object space 103936K, 33% used [0x0000000780000000,0x000000078226ed28,0x0000000786580000)
 Metaspace       used 54132K, capacity 56427K, committed 56616K, reserved 1097728K
  class space    used 7357K, capacity 7891K, committed 7976K, reserved 1048576K
Event: 675.681 GC heap after
Heap after GC invocations=18 (full 4):
 PSYoungGen      total 230912K, used 15069K [0x00000007aab00000, 0x00000007ba300000, 0x00000007c0000000)
  eden space 212480K, 0% used [0x00000007aab00000,0x00000007aab00000,0x00000007b7a80000)
  from space 18432K, 81% used [0x00000007b8e00000,0x00000007b9cb7618,0x00000007ba000000)
  to   space 19968K, 0% used [0x00000007b7a80000,0x00000007b7a80000,0x00000007b8e00000)
 ParOldGen       total 103936K, used 35267K [0x0000000780000000, 0x0000000786580000, 0x00000007aab00000)
  object space 103936K, 33% used [0x0000000780000000,0x0000000782270d28,0x0000000786580000)
 Metaspace       used 54132K, capacity 56427K, committed 56616K, reserved 1097728K
  class space    used 7357K, capacity 7891K, committed 7976K, reserved 1048576K
}
Event: 675.681 GC heap before
{Heap before GC invocations=19 (full 5):
 PSYoungGen      total 230912K, used 15069K [0x00000007aab00000, 0x00000007ba300000, 0x00000007c0000000)
  eden space 212480K, 0% used [0x00000007aab00000,0x00000007aab00000,0x00000007b7a80000)
  from space 18432K, 81% used [0x00000007b8e00000,0x00000007b9cb7618,0x00000007ba000000)
  to   space 19968K, 0% used [0x00000007b7a80000,0x00000007b7a80000,0x00000007b8e00000)
 ParOldGen       total 103936K, used 35267K [0x0000000780000000, 0x0000000786580000, 0x00000007aab00000)
  object space 103936K, 33% used [0x0000000780000000,0x0000000782270d28,0x0000000786580000)
 Metaspace       used 54132K, capacity 56427K, committed 56616K, reserved 1097728K
  class space    used 7357K, capacity 7891K, committed 7976K, reserved 1048576K
Event: 676.092 GC heap after
Heap after GC invocations=19 (full 5):
 PSYoungGen      total 230912K, used 0K [0x00000007aab00000, 0x00000007ba300000, 0x00000007c0000000)
  eden space 212480K, 0% used [0x00000007aab00000,0x00000007aab00000,0x00000007b7a80000)
  from space 18432K, 0% used [0x00000007b8e00000,0x00000007b8e00000,0x00000007ba000000)
  to   space 19968K, 0% used [0x00000007b7a80000,0x00000007b7a80000,0x00000007b8e00000)
 ParOldGen       total 103936K, used 48680K [0x0000000780000000, 0x0000000786580000, 0x00000007aab00000)
  object space 103936K, 46% used [0x0000000780000000,0x0000000782f8a388,0x0000000786580000)
 Metaspace       used 54113K, capacity 56405K, committed 56616K, reserved 1097728K
  class space    used 7351K, capacity 7885K, committed 7976K, reserved 1048576K
}
Event: 1907.542 GC heap before
{Heap before GC invocations=20 (full 5):
 PSYoungGen      total 230912K, used 212480K [0x00000007aab00000, 0x00000007ba300000, 0x00000007c0000000)
  eden space 212480K, 100% used [0x00000007aab00000,0x00000007b7a80000,0x00000007b7a80000)
  from space 18432K, 0% used [0x00000007b8e00000,0x00000007b8e00000,0x00000007ba000000)
  to   space 19968K, 0% used [0x00000007b7a80000,0x00000007b7a80000,0x00000007b8e00000)
 ParOldGen       total 103936K, used 48680K [0x0000000780000000, 0x0000000786580000, 0x00000007aab00000)
  object space 103936K, 46% used [0x0000000780000000,0x0000000782f8a388,0x0000000786580000)
 Metaspace       used 54718K, capacity 57381K, committed 57640K, reserved 1099776K
  class space    used 7408K, capacity 7967K, committed 7976K, reserved 1048576K
Event: 1907.553 GC heap after
Heap after GC invocations=20 (full 5):
 PSYoungGen      total 232448K, used 7733K [0x00000007aab00000, 0x00000007bcd80000, 0x00000007c0000000)
  eden space 212480K, 0% used [0x00000007aab00000,0x00000007aab00000,0x00000007b7a80000)
  from space 19968K, 38% used [0x00000007b7a80000,0x00000007b820d448,0x00000007b8e00000)
  to   space 18944K, 0% used [0x00000007bbb00000,0x00000007bbb00000,0x00000007bcd80000)
 ParOldGen       total 103936K, used 48688K [0x0000000780000000, 0x0000000786580000, 0x00000007aab00000)
  object space 103936K, 46% used [0x0000000780000000,0x0000000782f8c388,0x0000000786580000)
 Metaspace       used 54718K, capacity 57381K, committed 57640K, reserved 1099776K
  class space    used 7408K, capacity 7967K, committed 7976K, reserved 1048576K
}
Event: 1914.085 GC heap before
{Heap before GC invocations=21 (full 5):
 PSYoungGen      total 232448K, used 115698K [0x00000007aab00000, 0x00000007bcd80000, 0x00000007c0000000)
  eden space 212480K, 50% used [0x00000007aab00000,0x00000007b146f7a8,0x00000007b7a80000)
  from space 19968K, 38% used [0x00000007b7a80000,0x00000007b820d448,0x00000007b8e00000)
  to   space 18944K, 0% used [0x00000007bbb00000,0x00000007bbb00000,0x00000007bcd80000)
 ParOldGen       total 103936K, used 48688K [0x0000000780000000, 0x0000000786580000, 0x00000007aab00000)
  object space 103936K, 46% used [0x0000000780000000,0x0000000782f8c388,0x0000000786580000)
 Metaspace       used 55083K, capacity 57743K, committed 57896K, reserved 1099776K
  class space    used 7417K, capacity 7974K, committed 7976K, reserved 1048576K
Event: 1914.090 GC heap after
Heap after GC invocations=21 (full 5):
 PSYoungGen      total 278528K, used 3383K [0x00000007aab00000, 0x00000007bcd80000, 0x00000007c0000000)
  eden space 259584K, 0% used [0x00000007aab00000,0x00000007aab00000,0x00000007ba880000)
  from space 18944K, 17% used [0x00000007bbb00000,0x00000007bbe4de40,0x00000007bcd80000)
  to   space 18944K, 0% used [0x00000007ba880000,0x00000007ba880000,0x00000007bbb00000)
 ParOldGen       total 103936K, used 48696K [0x0000000780000000, 0x0000000786580000, 0x00000007aab00000)
  object space 103936K, 46% used [0x0000000780000000,0x0000000782f8e388,0x0000000786580000)
 Metaspace       used 55083K, capacity 57743K, committed 57896K, reserved 1099776K
  class space    used 7417K, capacity 7974K, committed 7976K, reserved 1048576K
}
Event: 1914.090 GC heap before
{Heap before GC invocations=22 (full 6):
 PSYoungGen      total 278528K, used 3383K [0x00000007aab00000, 0x00000007bcd80000, 0x00000007c0000000)
  eden space 259584K, 0% used [0x00000007aab00000,0x00000007aab00000,0x00000007ba880000)
  from space 18944K, 17% used [0x00000007bbb00000,0x00000007bbe4de40,0x00000007bcd80000)
  to   space 18944K, 0% used [0x00000007ba880000,0x00000007ba880000,0x00000007bbb00000)
 ParOldGen       total 103936K, used 48696K [0x0000000780000000, 0x0000000786580000, 0x00000007aab00000)
  object space 103936K, 46% used [0x0000000780000000,0x0000000782f8e388,0x0000000786580000)
 Metaspace       used 55083K, capacity 57743K, committed 57896K, reserved 1099776K
  class space    used 7417K, capacity 7974K, committed 7976K, reserved 1048576K
Event: 1914.332 GC heap after
Heap after GC invocations=22 (full 6):
 PSYoungGen      total 278528K, used 0K [0x00000007aab00000, 0x00000007bcd80000, 0x00000007c0000000)
  eden space 259584K, 0% used [0x00000007aab00000,0x00000007aab00000,0x00000007ba880000)
  from space 18944K, 0% used [0x00000007bbb00000,0x00000007bbb00000,0x00000007bcd80000)
  to   space 18944K, 0% used [0x00000007ba880000,0x00000007ba880000,0x00000007bbb00000)
 ParOldGen       total 103936K, used 39035K [0x0000000780000000, 0x0000000786580000, 0x00000007aab00000)
  object space 103936K, 37% used [0x0000000780000000,0x000000078261ec90,0x0000000786580000)
 Metaspace       used 53911K, capacity 55917K, committed 57896K, reserved 1099776K
  class space    used 7154K, capacity 7508K, committed 7976K, reserved 1048576K
}

Deoptimization events (10 events):
Event: 12519.787 Thread 0x00007fa602f76800 Uncommon trap: reason=class_check action=maybe_recompile pc=0x000000010bb5d5b4 method=java.util.HashMap.removeNode(ILjava/lang/Object;Ljava/lang/Object;ZZ)Ljava/util/HashMap$Node; @ 143
Event: 12520.014 Thread 0x00007fa602f76800 Uncommon trap: reason=unstable_if action=reinterpret pc=0x000000010c2e7ce8 method=java.lang.ref.SoftReference.get()Ljava/lang/Object; @ 6
Event: 12520.021 Thread 0x00007fa602f76800 Uncommon trap: reason=unstable_if action=reinterpret pc=0x000000010c1dfa54 method=java.lang.ref.SoftReference.get()Ljava/lang/Object; @ 6
Event: 12520.022 Thread 0x00007fa602f76800 Uncommon trap: reason=unstable_if action=reinterpret pc=0x000000010ba7c188 method=java.lang.ref.SoftReference.get()Ljava/lang/Object; @ 6
Event: 12520.048 Thread 0x00007fa602f76800 Uncommon trap: reason=unstable_if action=reinterpret pc=0x000000010bac7578 method=java.lang.ref.SoftReference.get()Ljava/lang/Object; @ 6
Event: 12520.055 Thread 0x00007fa602f76800 Uncommon trap: reason=unstable_if action=reinterpret pc=0x000000010b87bcdc method=java.lang.ref.SoftReference.get()Ljava/lang/Object; @ 6
Event: 12520.056 Thread 0x00007fa602f76800 Uncommon trap: reason=unstable_if action=reinterpret pc=0x000000010c53d1b8 method=java.lang.ref.SoftReference.get()Ljava/lang/Object; @ 6
Event: 12520.110 Thread 0x00007fa602f76800 Uncommon trap: reason=unstable_if action=reinterpret pc=0x000000010bb0addc method=java.lang.ref.SoftReference.get()Ljava/lang/Object; @ 6
Event: 12520.127 Thread 0x00007fa602f76800 Uncommon trap: reason=unstable_if action=reinterpret pc=0x000000010c51dc90 method=java.lang.ref.SoftReference.get()Ljava/lang/Object; @ 6
Event: 12521.743 Thread 0x00007fa602f76800 Uncommon trap: reason=unstable_if action=reinterpret pc=0x000000010bca3460 method=org.gradle.groovy.scripts.internal.DefaultScriptCompilationHandler$ShortcutClassNodeResolver.findClassNode(Ljava/lang/String;Lorg/codehaus/groovy/control/CompilationUnit;)Lo

Internal exceptions (10 events):
Event: 12520.022 Thread 0x00007fa602f76800 Implicit null exception at 0x000000010ba7bba4 to 0x000000010ba7c169
Event: 12520.048 Thread 0x00007fa602f76800 Implicit null exception at 0x000000010bac6b0a to 0x000000010bac755d
Event: 12520.055 Thread 0x00007fa602f76800 Implicit null exception at 0x000000010b87b642 to 0x000000010b87bcc9
Event: 12520.056 Thread 0x00007fa602f76800 Implicit null exception at 0x000000010c53c74a to 0x000000010c53d19d
Event: 12520.107 Thread 0x00007fa602f76800 Exception <a 'java/lang/ClassNotFoundException': asLocalRepo28_a1iu20qabxyxh25i75cn2vxwsBeanInfo> (0x00000007ab580540) thrown at [/Users/java_re/workspace/8-2-build-macosx-x86_64/jdk8u60/4407/hotspot/src/share/vm/classfile/systemDictionary.cpp, line 210]
Event: 12520.108 Thread 0x00007fa602f76800 Exception <a 'java/lang/ClassNotFoundException': asLocalRepo28_a1iu20qabxyxh25i75cn2vxwsCustomizer> (0x00000007ab589f38) thrown at [/Users/java_re/workspace/8-2-build-macosx-x86_64/jdk8u60/4407/hotspot/src/share/vm/classfile/systemDictionary.cpp, line 210
Event: 12520.110 Thread 0x00007fa602f76800 Implicit null exception at 0x000000010bb05eb4 to 0x000000010bb0adbd
Event: 12521.825 Thread 0x00007fa602f76800 Exception <a 'java/lang/ClassNotFoundException': ijinit1_boqmzqra9fa365fkc0zwmqa7kBeanInfo> (0x00000007b1a8cd68) thrown at [/Users/java_re/workspace/8-2-build-macosx-x86_64/jdk8u60/4407/hotspot/src/share/vm/classfile/systemDictionary.cpp, line 210]
Event: 12521.828 Thread 0x00007fa602f76800 Exception <a 'java/lang/ClassNotFoundException': ijinit1_boqmzqra9fa365fkc0zwmqa7kCustomizer> (0x00000007b1a961b8) thrown at [/Users/java_re/workspace/8-2-build-macosx-x86_64/jdk8u60/4407/hotspot/src/share/vm/classfile/systemDictionary.cpp, line 210]
Event: 12521.837 Thread 0x00007fa602f76800 Exception <a 'java/lang/ClassNotFoundException': groovy/runtime/metaclass/[Ljava/lang/String;MetaClass> (0x00000007b1ab3b40) thrown at [/Users/java_re/workspace/8-2-build-macosx-x86_64/jdk8u60/4407/hotspot/src/share/vm/prims/jni.cpp, line 735]

Events (10 events):
Event: 12521.858 loading class groovy/lang/GroovyRuntimeException
Event: 12521.858 loading class groovy/lang/GroovyRuntimeException done
Event: 12521.870 Thread 0x00007fa602f76800 DEOPT PACKING pc=0x000000010b9014a1 sp=0x000070000a0096d0
Event: 12521.870 Thread 0x00007fa602f76800 DEOPT UNPACKING pc=0x000000010aed4633 sp=0x000070000a009450 mode 0
Event: 12521.870 loading class groovy/lang/GroovyRuntimeException
Event: 12521.870 loading class groovy/lang/GroovyRuntimeException done
Event: 12521.872 loading class groovy/runtime/metaclass/java/net/URLClassLoaderMetaClass
Event: 12521.872 loading class groovy/runtime/metaclass/java/net/URLClassLoaderMetaClass done
Event: 12521.875 loading class groovy/lang/GroovyRuntimeException
Event: 12521.875 loading class groovy/lang/GroovyRuntimeException done


Dynamic libraries:
0x0000000041c5c000 	/System/Library/Frameworks/Cocoa.framework/Versions/A/Cocoa
0x0000000041c5c000 	/System/Library/Frameworks/Security.framework/Versions/A/Security
0x0000000041c5c000 	/System/Library/Frameworks/ApplicationServices.framework/Versions/A/ApplicationServices
0x0000000041c5c000 	/usr/lib/libz.1.dylib
0x0000000041c5c000 	/usr/lib/libSystem.B.dylib
0x0000000041c5c000 	/usr/lib/libobjc.A.dylib
0x0000000041c5c000 	/System/Library/Frameworks/CoreFoundation.framework/Versions/A/CoreFoundation
0x0000000041c5c000 	/System/Library/Frameworks/Foundation.framework/Versions/C/Foundation
0x0000000041c5c000 	/System/Library/Frameworks/AppKit.framework/Versions/C/AppKit
0x0000000041c5c000 	/System/Library/Frameworks/CoreData.framework/Versions/A/CoreData
0x0000000041c5c000 	/System/Library/PrivateFrameworks/RemoteViewServices.framework/Versions/A/RemoteViewServices
0x0000000041c5c000 	/System/Library/PrivateFrameworks/UIFoundation.framework/Versions/A/UIFoundation
0x0000000041c5c000 	/System/Library/PrivateFrameworks/DFRFoundation.framework/Versions/A/DFRFoundation
0x0000000041c5c000 	/usr/lib/libenergytrace.dylib
0x0000000041c5c000 	/System/Library/PrivateFrameworks/SkyLight.framework/Versions/A/SkyLight
0x0000000041c5c000 	/System/Library/Frameworks/CoreGraphics.framework/Versions/A/CoreGraphics
0x0000000041c5c000 	/usr/lib/libScreenReader.dylib
0x0000000041c5c000 	/System/Library/Frameworks/Accelerate.framework/Versions/A/Accelerate
0x0000000041c5c000 	/System/Library/Frameworks/IOSurface.framework/Versions/A/IOSurface
0x0000000041c5c000 	/System/Library/Frameworks/AudioToolbox.framework/Versions/A/AudioToolbox
0x0000000041c5c000 	/System/Library/Frameworks/AudioUnit.framework/Versions/A/AudioUnit
0x0000000041c5c000 	/System/Library/PrivateFrameworks/DataDetectorsCore.framework/Versions/A/DataDetectorsCore
0x0000000041c5c000 	/System/Library/PrivateFrameworks/DesktopServicesPriv.framework/Versions/A/DesktopServicesPriv
0x0000000041c5c000 	/System/Library/Frameworks/Carbon.framework/Versions/A/Frameworks/HIToolbox.framework/Versions/A/HIToolbox
0x0000000041c5c000 	/usr/lib/libicucore.A.dylib
0x0000000041c5c000 	/System/Library/Frameworks/QuartzCore.framework/Versions/A/QuartzCore
0x0000000041c5c000 	/System/Library/Frameworks/Carbon.framework/Versions/A/Frameworks/SpeechRecognition.framework/Versions/A/SpeechRecognition
0x0000000041c5c000 	/usr/lib/libauto.dylib
0x0000000041c5c000 	/usr/lib/libxml2.2.dylib
0x0000000041c5c000 	/System/Library/PrivateFrameworks/CoreUI.framework/Versions/A/CoreUI
0x0000000041c5c000 	/System/Library/Frameworks/CoreAudio.framework/Versions/A/CoreAudio
0x0000000041c5c000 	/System/Library/Frameworks/DiskArbitration.framework/Versions/A/DiskArbitration
0x0000000041c5c000 	/usr/lib/liblangid.dylib
0x0000000041c5c000 	/System/Library/PrivateFrameworks/MultitouchSupport.framework/Versions/A/MultitouchSupport
0x0000000041c5c000 	/System/Library/Frameworks/IOKit.framework/Versions/A/IOKit
0x0000000041c5c000 	/usr/lib/libDiagnosticMessagesClient.dylib
0x0000000041c5c000 	/System/Library/Frameworks/CoreServices.framework/Versions/A/CoreServices
0x0000000041c5c000 	/System/Library/PrivateFrameworks/PerformanceAnalysis.framework/Versions/A/PerformanceAnalysis
0x0000000041c5c000 	/System/Library/PrivateFrameworks/GenerationalStorage.framework/Versions/A/GenerationalStorage
0x0000000041c5c000 	/System/Library/Frameworks/OpenGL.framework/Versions/A/OpenGL
0x0000000041c5c000 	/System/Library/Frameworks/CoreImage.framework/Versions/A/CoreImage
0x0000000041c5c000 	/System/Library/Frameworks/CoreText.framework/Versions/A/CoreText
0x0000000041c5c000 	/System/Library/Frameworks/ImageIO.framework/Versions/A/ImageIO
0x0000000041c5c000 	/System/Library/PrivateFrameworks/Backup.framework/Versions/A/Backup
0x0000000041c5c000 	/usr/lib/libarchive.2.dylib
0x0000000041c5c000 	/System/Library/Frameworks/CFNetwork.framework/Versions/A/CFNetwork
0x0000000041c5c000 	/System/Library/Frameworks/SystemConfiguration.framework/Versions/A/SystemConfiguration
0x0000000041c5c000 	/usr/lib/libCRFSuite.dylib
0x0000000041c5c000 	/usr/lib/libc++.1.dylib
0x0000000041c5c000 	/usr/lib/libc++abi.dylib
0x0000000041c5c000 	/usr/lib/system/libcache.dylib
0x0000000041c5c000 	/usr/lib/system/libcommonCrypto.dylib
0x0000000041c5c000 	/usr/lib/system/libcompiler_rt.dylib
0x0000000041c5c000 	/usr/lib/system/libcopyfile.dylib
0x0000000041c5c000 	/usr/lib/system/libcorecrypto.dylib
0x0000000041c5c000 	/usr/lib/system/libdispatch.dylib
0x0000000041c5c000 	/usr/lib/system/libdyld.dylib
0x0000000041c5c000 	/usr/lib/system/libkeymgr.dylib
0x0000000041c5c000 	/usr/lib/system/liblaunch.dylib
0x0000000041c5c000 	/usr/lib/system/libmacho.dylib
0x0000000041c5c000 	/usr/lib/system/libquarantine.dylib
0x0000000041c5c000 	/usr/lib/system/libremovefile.dylib
0x0000000041c5c000 	/usr/lib/system/libsystem_asl.dylib
0x0000000041c5c000 	/usr/lib/system/libsystem_blocks.dylib
0x0000000041c5c000 	/usr/lib/system/libsystem_c.dylib
0x0000000041c5c000 	/usr/lib/system/libsystem_configuration.dylib
0x0000000041c5c000 	/usr/lib/system/libsystem_coreservices.dylib
0x0000000041c5c000 	/usr/lib/system/libsystem_coretls.dylib
0x0000000041c5c000 	/usr/lib/system/libsystem_dnssd.dylib
0x0000000041c5c000 	/usr/lib/system/libsystem_info.dylib
0x0000000041c5c000 	/usr/lib/system/libsystem_kernel.dylib
0x0000000041c5c000 	/usr/lib/system/libsystem_m.dylib
0x0000000041c5c000 	/usr/lib/system/libsystem_malloc.dylib
0x0000000041c5c000 	/usr/lib/system/libsystem_network.dylib
0x0000000041c5c000 	/usr/lib/system/libsystem_networkextension.dylib
0x0000000041c5c000 	/usr/lib/system/libsystem_notify.dylib
0x0000000041c5c000 	/usr/lib/system/libsystem_platform.dylib
0x0000000041c5c000 	/usr/lib/system/libsystem_pthread.dylib
0x0000000041c5c000 	/usr/lib/system/libsystem_sandbox.dylib
0x0000000041c5c000 	/usr/lib/system/libsystem_secinit.dylib
0x0000000041c5c000 	/usr/lib/system/libsystem_symptoms.dylib
0x0000000041c5c000 	/usr/lib/system/libsystem_trace.dylib
0x0000000041c5c000 	/usr/lib/system/libunwind.dylib
0x0000000041c5c000 	/usr/lib/system/libxpc.dylib
0x0000000041c5c000 	/usr/lib/libbsm.0.dylib
0x0000000041c5c000 	/usr/lib/system/libkxld.dylib
0x0000000041c5c000 	/usr/lib/libcoretls.dylib
0x0000000041c5c000 	/usr/lib/libcoretls_cfhelpers.dylib
0x0000000041c5c000 	/usr/lib/libxar.1.dylib
0x0000000041c5c000 	/usr/lib/libsqlite3.dylib
0x0000000041c5c000 	/usr/lib/libpam.2.dylib
0x0000000041c5c000 	/usr/lib/libOpenScriptingUtil.dylib
0x0000000041c5c000 	/usr/lib/libbz2.1.0.dylib
0x0000000041c5c000 	/usr/lib/liblzma.5.dylib
0x0000000041c5c000 	/usr/lib/libnetwork.dylib
0x0000000041c5c000 	/usr/lib/libpcap.A.dylib
0x0000000041c5c000 	/System/Library/Frameworks/CoreServices.framework/Versions/A/Frameworks/FSEvents.framework/Versions/A/FSEvents
0x0000000041c5c000 	/System/Library/Frameworks/CoreServices.framework/Versions/A/Frameworks/CarbonCore.framework/Versions/A/CarbonCore
0x0000000041c5c000 	/System/Library/Frameworks/CoreServices.framework/Versions/A/Frameworks/Metadata.framework/Versions/A/Metadata
0x0000000041c5c000 	/System/Library/Frameworks/CoreServices.framework/Versions/A/Frameworks/OSServices.framework/Versions/A/OSServices
0x0000000041c5c000 	/System/Library/Frameworks/CoreServices.framework/Versions/A/Frameworks/SearchKit.framework/Versions/A/SearchKit
0x0000000041c5c000 	/System/Library/Frameworks/CoreServices.framework/Versions/A/Frameworks/AE.framework/Versions/A/AE
0x0000000041c5c000 	/System/Library/Frameworks/CoreServices.framework/Versions/A/Frameworks/LaunchServices.framework/Versions/A/LaunchServices
0x0000000041c5c000 	/System/Library/Frameworks/CoreServices.framework/Versions/A/Frameworks/DictionaryServices.framework/Versions/A/DictionaryServices
0x0000000041c5c000 	/System/Library/Frameworks/CoreServices.framework/Versions/A/Frameworks/SharedFileList.framework/Versions/A/SharedFileList
0x0000000041c5c000 	/System/Library/Frameworks/NetFS.framework/Versions/A/NetFS
0x0000000041c5c000 	/System/Library/PrivateFrameworks/NetAuth.framework/Versions/A/NetAuth
0x0000000041c5c000 	/System/Library/PrivateFrameworks/login.framework/Versions/A/Frameworks/loginsupport.framework/Versions/A/loginsupport
0x0000000041c5c000 	/System/Library/PrivateFrameworks/TCC.framework/Versions/A/TCC
0x0000000041c5c000 	/usr/lib/libmecabra.dylib
0x0000000041c5c000 	/System/Library/Frameworks/ApplicationServices.framework/Versions/A/Frameworks/ATS.framework/Versions/A/ATS
0x0000000041c5c000 	/System/Library/Frameworks/ApplicationServices.framework/Versions/A/Frameworks/ColorSync.framework/Versions/A/ColorSync
0x0000000041c5c000 	/System/Library/Frameworks/ApplicationServices.framework/Versions/A/Frameworks/HIServices.framework/Versions/A/HIServices
0x0000000041c5c000 	/System/Library/Frameworks/ApplicationServices.framework/Versions/A/Frameworks/LangAnalysis.framework/Versions/A/LangAnalysis
0x0000000041c5c000 	/System/Library/Frameworks/ApplicationServices.framework/Versions/A/Frameworks/PrintCore.framework/Versions/A/PrintCore
0x0000000041c5c000 	/System/Library/Frameworks/ApplicationServices.framework/Versions/A/Frameworks/QD.framework/Versions/A/QD
0x0000000041c5c000 	/System/Library/Frameworks/ApplicationServices.framework/Versions/A/Frameworks/SpeechSynthesis.framework/Versions/A/SpeechSynthesis
0x0000000041c5c000 	/System/Library/Frameworks/Accelerate.framework/Versions/A/Frameworks/vImage.framework/Versions/A/vImage
0x0000000041c5c000 	/System/Library/Frameworks/Accelerate.framework/Versions/A/Frameworks/vecLib.framework/Versions/A/vecLib
0x0000000041c5c000 	/System/Library/Frameworks/Accelerate.framework/Versions/A/Frameworks/vecLib.framework/Versions/A/libvDSP.dylib
0x0000000041c5c000 	/System/Library/Frameworks/Accelerate.framework/Versions/A/Frameworks/vecLib.framework/Versions/A/libBNNS.dylib
0x0000000041c5c000 	/System/Library/Frameworks/Accelerate.framework/Versions/A/Frameworks/vecLib.framework/Versions/A/libQuadrature.dylib
0x0000000041c5c000 	/System/Library/Frameworks/Accelerate.framework/Versions/A/Frameworks/vecLib.framework/Versions/A/libvMisc.dylib
0x0000000041c5c000 	/System/Library/Frameworks/Accelerate.framework/Versions/A/Frameworks/vecLib.framework/Versions/A/libLAPACK.dylib
0x0000000041c5c000 	/System/Library/Frameworks/Accelerate.framework/Versions/A/Frameworks/vecLib.framework/Versions/A/libBLAS.dylib
0x0000000041c5c000 	/System/Library/Frameworks/Accelerate.framework/Versions/A/Frameworks/vecLib.framework/Versions/A/libLinearAlgebra.dylib
0x0000000041c5c000 	/System/Library/Frameworks/Accelerate.framework/Versions/A/Frameworks/vecLib.framework/Versions/A/libSparseBLAS.dylib
0x0000000041c5c000 	/System/Library/Frameworks/ApplicationServices.framework/Versions/A/Frameworks/ATS.framework/Versions/A/Resources/libFontParser.dylib
0x0000000041c5c000 	/System/Library/Frameworks/ApplicationServices.framework/Versions/A/Frameworks/ATS.framework/Versions/A/Resources/libFontRegistry.dylib
0x0000000041c5c000 	/System/Library/Frameworks/ImageIO.framework/Versions/A/Resources/libJPEG.dylib
0x0000000041c5c000 	/System/Library/Frameworks/ImageIO.framework/Versions/A/Resources/libTIFF.dylib
0x0000000041c5c000 	/System/Library/Frameworks/ImageIO.framework/Versions/A/Resources/libPng.dylib
0x0000000041c5c000 	/System/Library/Frameworks/ImageIO.framework/Versions/A/Resources/libGIF.dylib
0x0000000041c5c000 	/System/Library/Frameworks/ImageIO.framework/Versions/A/Resources/libJP2.dylib
0x0000000041c5c000 	/System/Library/Frameworks/ImageIO.framework/Versions/A/Resources/libRadiance.dylib
0x0000000041c5c000 	/usr/lib/libcompression.dylib
0x0000000041c5c000 	/System/Library/PrivateFrameworks/AppleJPEG.framework/Versions/A/AppleJPEG
0x0000000041c5c000 	/usr/lib/libcups.2.dylib
0x0000000041c5c000 	/System/Library/Frameworks/Kerberos.framework/Versions/A/Kerberos
0x0000000041c5c000 	/System/Library/Frameworks/GSS.framework/Versions/A/GSS
0x0000000041c5c000 	/usr/lib/libresolv.9.dylib
0x0000000041c5c000 	/usr/lib/libiconv.2.dylib
0x0000000041c5c000 	/System/Library/PrivateFrameworks/Heimdal.framework/Versions/A/Heimdal
0x0000000041c5c000 	/usr/lib/libheimdal-asn1.dylib
0x0000000041c5c000 	/System/Library/Frameworks/OpenDirectory.framework/Versions/A/OpenDirectory
0x0000000041c5c000 	/System/Library/PrivateFrameworks/CommonAuth.framework/Versions/A/CommonAuth
0x0000000041c5c000 	/System/Library/Frameworks/OpenDirectory.framework/Versions/A/Frameworks/CFOpenDirectory.framework/Versions/A/CFOpenDirectory
0x0000000041c5c000 	/System/Library/Frameworks/SecurityFoundation.framework/Versions/A/SecurityFoundation
0x0000000041c5c000 	/System/Library/PrivateFrameworks/LanguageModeling.framework/Versions/A/LanguageModeling
0x0000000041c5c000 	/usr/lib/libmarisa.dylib
0x0000000041c5c000 	/usr/lib/libChineseTokenizer.dylib
0x0000000041c5c000 	/usr/lib/libcmph.dylib
0x0000000041c5c000 	/System/Library/PrivateFrameworks/CoreEmoji.framework/Versions/A/CoreEmoji
0x0000000041c5c000 	/System/Library/Frameworks/ServiceManagement.framework/Versions/A/ServiceManagement
0x0000000041c5c000 	/usr/lib/libxslt.1.dylib
0x0000000041c5c000 	/System/Library/Frameworks/Carbon.framework/Versions/A/Frameworks/Ink.framework/Versions/A/Ink
0x0000000041c5c000 	/System/Library/PrivateFrameworks/TextureIO.framework/Versions/A/TextureIO
0x0000000041c5c000 	/System/Library/Frameworks/Metal.framework/Versions/A/Metal
0x0000000041c5c000 	/usr/lib/libate.dylib
0x0000000041c5c000 	/System/Library/PrivateFrameworks/GPUCompiler.framework/libmetal_timestamp.dylib
0x0000000041c5c000 	/System/Library/Frameworks/OpenGL.framework/Versions/A/Libraries/libCoreFSCache.dylib
0x0000000041c5c000 	/System/Library/PrivateFrameworks/IOAccelerator.framework/Versions/A/IOAccelerator
0x0000000041c5c000 	/System/Library/Frameworks/CoreVideo.framework/Versions/A/CoreVideo
0x0000000041c5c000 	/usr/lib/libFosl_dynamic.dylib
0x0000000041c5c000 	/System/Library/PrivateFrameworks/MetalPerformanceShaders.framework/Versions/A/MetalPerformanceShaders
0x0000000041c5c000 	/System/Library/PrivateFrameworks/FaceCore.framework/Versions/A/FaceCore
0x0000000041c5c000 	/System/Library/Frameworks/OpenCL.framework/Versions/A/OpenCL
0x0000000041c5c000 	/System/Library/Frameworks/OpenGL.framework/Versions/A/Libraries/libGLU.dylib
0x0000000041c5c000 	/System/Library/Frameworks/OpenGL.framework/Versions/A/Libraries/libGFXShared.dylib
0x0000000041c5c000 	/System/Library/Frameworks/OpenGL.framework/Versions/A/Libraries/libGL.dylib
0x0000000041c5c000 	/System/Library/Frameworks/OpenGL.framework/Versions/A/Libraries/libGLImage.dylib
0x0000000041c5c000 	/System/Library/Frameworks/OpenGL.framework/Versions/A/Libraries/libCVMSPluginSupport.dylib
0x0000000041c5c000 	/System/Library/Frameworks/OpenGL.framework/Versions/A/Libraries/libCoreVMClient.dylib
0x0000000041c5c000 	/System/Library/PrivateFrameworks/CrashReporterSupport.framework/Versions/A/CrashReporterSupport
0x0000000041c5c000 	/System/Library/PrivateFrameworks/Sharing.framework/Versions/A/Sharing
0x0000000041c5c000 	/System/Library/PrivateFrameworks/IconServices.framework/Versions/A/IconServices
0x0000000041c5c000 	/System/Library/PrivateFrameworks/ProtocolBuffer.framework/Versions/A/ProtocolBuffer
0x0000000041c5c000 	/System/Library/PrivateFrameworks/Apple80211.framework/Versions/A/Apple80211
0x0000000041c5c000 	/System/Library/Frameworks/CoreWLAN.framework/Versions/A/CoreWLAN
0x0000000041c5c000 	/System/Library/PrivateFrameworks/CoreUtils.framework/Versions/A/CoreUtils
0x0000000041c5c000 	/System/Library/Frameworks/IOBluetooth.framework/Versions/A/IOBluetooth
0x0000000041c5c000 	/System/Library/PrivateFrameworks/CoreWiFi.framework/Versions/A/CoreWiFi
0x0000000041c5c000 	/System/Library/Frameworks/CoreBluetooth.framework/Versions/A/CoreBluetooth
0x0000000041c5c000 	/System/Library/Frameworks/CoreDisplay.framework/Versions/A/CoreDisplay
0x0000000041c5c000 	/System/Library/PrivateFrameworks/IOPresentment.framework/Versions/A/IOPresentment
0x0000000041c5c000 	/System/Library/PrivateFrameworks/DebugSymbols.framework/Versions/A/DebugSymbols
0x0000000041c5c000 	/System/Library/PrivateFrameworks/CoreSymbolication.framework/Versions/A/CoreSymbolication
0x0000000041c5c000 	/System/Library/PrivateFrameworks/Symbolication.framework/Versions/A/Symbolication
0x0000000041c5c000 	/System/Library/PrivateFrameworks/AppleFSCompression.framework/Versions/A/AppleFSCompression
0x0000000041c5c000 	/System/Library/PrivateFrameworks/SpeechRecognitionCore.framework/Versions/A/SpeechRecognitionCore
0x0000000041c5c000 	/System/Library/PrivateFrameworks/ChunkingLibrary.framework/Versions/A/ChunkingLibrary
0x0000000102400000 	/Library/Java/JavaVirtualMachines/jdk1.8.0_60.jdk/Contents/Home/jre/lib/server/libjvm.dylib
0x0000000041c5c000 	/usr/lib/libstdc++.6.dylib
0x0000000101bdc000 	/Library/Java/JavaVirtualMachines/jdk1.8.0_60.jdk/Contents/Home/jre/lib/libverify.dylib
0x0000000103389000 	/Library/Java/JavaVirtualMachines/jdk1.8.0_60.jdk/Contents/Home/jre/lib/libjava.dylib
0x0000000101bf4000 	/Library/Java/JavaVirtualMachines/jdk1.8.0_60.jdk/Contents/Home/jre/lib/libzip.dylib
0x00000001077b7000 	/System/Library/Frameworks/JavaVM.framework/Frameworks/JavaRuntimeSupport.framework/JavaRuntimeSupport
0x00000001077d1000 	/System/Library/Frameworks/JavaVM.framework/Versions/A/Frameworks/JavaNativeFoundation.framework/Versions/A/JavaNativeFoundation
0x00000001077e6000 	/System/Library/Frameworks/JavaVM.framework/Versions/A/JavaVM
0x0000000041c5c000 	/System/Library/Frameworks/Carbon.framework/Versions/A/Carbon
0x00000001077f3000 	/System/Library/PrivateFrameworks/JavaLaunching.framework/Versions/A/JavaLaunching
0x0000000041c5c000 	/System/Library/Frameworks/Carbon.framework/Versions/A/Frameworks/CommonPanels.framework/Versions/A/CommonPanels
0x0000000041c5c000 	/System/Library/Frameworks/Carbon.framework/Versions/A/Frameworks/Help.framework/Versions/A/Help
0x0000000041c5c000 	/System/Library/Frameworks/Carbon.framework/Versions/A/Frameworks/ImageCapture.framework/Versions/A/ImageCapture
0x0000000041c5c000 	/System/Library/Frameworks/Carbon.framework/Versions/A/Frameworks/OpenScripting.framework/Versions/A/OpenScripting
0x0000000041c5c000 	/System/Library/Frameworks/Carbon.framework/Versions/A/Frameworks/Print.framework/Versions/A/Print
0x0000000041c5c000 	/System/Library/Frameworks/Carbon.framework/Versions/A/Frameworks/SecurityHI.framework/Versions/A/SecurityHI
0x0000000109281000 	/Library/Java/JavaVirtualMachines/jdk1.8.0_60.jdk/Contents/Home/jre/lib/libnet.dylib
0x00000001092e0000 	/Library/Java/JavaVirtualMachines/jdk1.8.0_60.jdk/Contents/Home/jre/lib/libnio.dylib
0x00000001092f0000 	/Users/Aditya/.gradle/native/19/osx-amd64/libnative-platform.dylib
0x0000000109568000 	/Library/Java/JavaVirtualMachines/jdk1.8.0_60.jdk/Contents/Home/jre/lib/libmanagement.dylib

VM Arguments:
jvm_args: -XX:MaxPermSize=256m -XX:+HeapDumpOnOutOfMemoryError -Xmx1024m -Dfile.encoding=UTF-8 -Duser.country=US -Duser.language=en -Duser.variant 
java_command: org.gradle.launcher.daemon.bootstrap.GradleDaemon 2.8
java_class_path (initial): /Users/Aditya/.gradle/wrapper/dists/gradle-2.8-all/ah86jmo43de9lfa8xg9ux3c4h/gradle-2.8/lib/gradle-launcher-2.8.jar
Launcher Type: SUN_STANDARD

Environment Variables:
PATH=/usr/bin:/bin:/usr/sbin:/sbin
SHELL=/bin/bash
DISPLAY=/private/tmp/com.apple.launchd.kE5dMiMmXz/org.macosforge.xquartz:0

Signal Handlers:
SIGSEGV: [libjvm.dylib+0x5a6d31], sa_mask[0]=11111111011111110111111111111111, sa_flags=SA_ONSTACK|SA_RESTART|SA_SIGINFO
SIGBUS: [libjvm.dylib+0x5a6d31], sa_mask[0]=11111111011111110111111111111111, sa_flags=SA_RESTART|SA_SIGINFO
SIGFPE: [libjvm.dylib+0x480a4c], sa_mask[0]=11111111011111110111111111111111, sa_flags=SA_RESTART|SA_SIGINFO
SIGPIPE: [libjvm.dylib+0x480a4c], sa_mask[0]=11111111011111110111111111111111, sa_flags=SA_RESTART|SA_SIGINFO
SIGXFSZ: [libjvm.dylib+0x480a4c], sa_mask[0]=11111111011111110111111111111111, sa_flags=SA_RESTART|SA_SIGINFO
SIGILL: [libjvm.dylib+0x480a4c], sa_mask[0]=11111111011111110111111111111111, sa_flags=SA_RESTART|SA_SIGINFO
SIGUSR1: SIG_DFL, sa_mask[0]=00000000000000000000000000000000, sa_flags=none
SIGUSR2: [libjvm.dylib+0x48056a], sa_mask[0]=00100000000000000000000000000000, sa_flags=SA_RESTART|SA_SIGINFO
SIGHUP: [libjvm.dylib+0x47eb41], sa_mask[0]=11111111011111110111111111111111, sa_flags=SA_RESTART|SA_SIGINFO
SIGINT: [libjvm.dylib+0x47eb41], sa_mask[0]=11111111011111110111111111111111, sa_flags=SA_RESTART|SA_SIGINFO
SIGTERM: [libjvm.dylib+0x47eb41], sa_mask[0]=11111111011111110111111111111111, sa_flags=SA_RESTART|SA_SIGINFO
SIGQUIT: [libjvm.dylib+0x47eb41], sa_mask[0]=11111111011111110111111111111111, sa_flags=SA_RESTART|SA_SIGINFO


---------------  S Y S T E M  ---------------

OS:Bsduname:Darwin 16.4.0 Darwin Kernel Version 16.4.0: Thu Dec 22 22:53:21 PST 2016; root:xnu-3789.41.3~3/RELEASE_X86_64 x86_64
rlimit: STACK 8192k, CORE 0k, NPROC 709, NOFILE 10240, AS infinity
load average:3.37 2.44 1.99

CPU:total 4 (2 cores per cpu, 2 threads per core) family 6 model 61 stepping 4, cmov, cx8, fxsr, mmx, sse, sse2, sse3, ssse3, sse4.1, sse4.2, popcnt, avx, avx2, aes, clmul, erms, 3dnowpref, lzcnt, ht, tsc, tscinvbit, bmi1, bmi2, adx

Memory: 4k page, physical 8388608k(134876k free)

/proc/meminfo:


vm_info: Java HotSpot(TM) 64-Bit Server VM (25.60-b23) for bsd-amd64 JRE (1.8.0_60-b27), built on Aug  4 2015 10:47:24 by "java_re" with gcc 4.2.1 (Based on Apple Inc. build 5658) (LLVM build 2336.11.00)

time: Fri Mar 10 23:36:02 2017
elapsed time: 12521 seconds (0d 3h 28m 41s)

